-------------------------------------------------------------------------------
Test set: org.springframework.amqp.rabbit.stocks.web.ServletConfigurationTests
-------------------------------------------------------------------------------
Tests run: 1, Failures: 0, Errors: 1, Skipped: 0, Time elapsed: 2.503 sec <<< FAILURE! - in org.springframework.amqp.rabbit.stocks.web.ServletConfigurationTests
testContext(org.springframework.amqp.rabbit.stocks.web.ServletConfigurationTests)  Time elapsed: 2.466 sec  <<< ERROR!
org.springframework.context.ApplicationContextException: Failed to start bean 'org.springframework.amqp.rabbit.listener.SimpleMessageListenerContainer#0'; nested exception is java.lang.NoClassDefFoundError: org/springframework/amqp/AmqpAuthenticationException
	at java.net.URLClassLoader$1.run(URLClassLoader.java:366)
	at java.net.URLClassLoader$1.run(URLClassLoader.java:355)
	at java.security.AccessController.doPrivileged(Native Method)
	at java.net.URLClassLoader.findClass(URLClassLoader.java:354)
	at java.lang.ClassLoader.loadClass(ClassLoader.java:425)
	at sun.misc.Launcher$AppClassLoader.loadClass(Launcher.java:308)
	at java.lang.ClassLoader.loadClass(ClassLoader.java:358)
	at org.springframework.amqp.rabbit.listener.SimpleMessageListenerContainer.createBlockingQueueConsumer(SimpleMessageListenerContainer.java:412)
	at org.springframework.amqp.rabbit.listener.SimpleMessageListenerContainer.initializeConsumers(SimpleMessageListenerContainer.java:392)
	at org.springframework.amqp.rabbit.listener.SimpleMessageListenerContainer.doStart(SimpleMessageListenerContainer.java:322)
	at org.springframework.amqp.rabbit.listener.AbstractMessageListenerContainer.start(AbstractMessageListenerContainer.java:363)
	at org.springframework.context.support.DefaultLifecycleProcessor.doStart(DefaultLifecycleProcessor.java:173)
	at org.springframework.context.support.DefaultLifecycleProcessor.access$200(DefaultLifecycleProcessor.java:51)
	at org.springframework.context.support.DefaultLifecycleProcessor$LifecycleGroup.start(DefaultLifecycleProcessor.java:346)
	at org.springframework.context.support.DefaultLifecycleProcessor.startBeans(DefaultLifecycleProcessor.java:149)
	at org.springframework.context.support.DefaultLifecycleProcessor.onRefresh(DefaultLifecycleProcessor.java:112)
	at org.springframework.context.support.AbstractApplicationContext.finishRefresh(AbstractApplicationContext.java:773)
	at org.springframework.context.support.AbstractApplicationContext.refresh(AbstractApplicationContext.java:485)
	at org.springframework.context.support.ClassPathXmlApplicationContext.<init>(ClassPathXmlApplicationContext.java:139)
	at org.springframework.context.support.ClassPathXmlApplicationContext.<init>(ClassPathXmlApplicationContext.java:83)
	at org.springframework.amqp.rabbit.stocks.web.ServletConfigurationTests.testContext(ServletConfigurationTests.java:27)

